{"meta": {"format": 2, "version": "7.4.4", "timestamp": "2026-06-20T22:03:22.116351", "branch_coverage": false, "show_contexts": false}, "files": {"dist_monitor/dist_monitor/__init__.py": {"executed_lines": [1], "summary": {"covered_lines": 0, "num_statements": 0, "percent_covered": 100.0, "percent_covered_display": "100", "missing_lines": 0, "excluded_lines": 0}, "missing_lines": [], "excluded_lines": []}, "dist_monitor/dist_monitor/boxplot_stats.py": {"executed_lines": [1, 3, 5, 8, 10, 11, 13, 14, 15, 16, 17, 18, 19, 20, 21, 22, 23, 24, 25], "summary": {"covered_lines": 18, "num_statements": 18, "percent_covered": 100.0, "percent_covered_display": "100", "missing_lines": 0, "excluded_lines": 0}, "missing_lines": [], "excluded_lines": []}, "dist_monitor/dist_monitor/comm_health.py": {"executed_lines": [1, 3, 5, 6, 7, 9, 10, 11, 14, 15, 16, 17, 18, 21, 22, 23, 24, 25, 26, 27, 28, 29, 30, 31, 33, 34, 36, 37, 38, 39, 40, 42, 43, 44, 47, 50, 52, 53, 54, 56, 57, 59, 60, 61, 63, 64, 66, 67, 69, 74, 75, 82, 83, 84, 86, 87, 88, 89, 90, 91, 93, 94, 113, 114, 115, 116, 118, 119, 120, 121, 122, 124, 125, 126, 127, 128, 129, 130, 131, 132, 134, 137, 138, 146, 147, 151, 153, 154, 155, 156, 157, 162, 163, 164, 165], "summary": {"covered_lines": 93, "num_statements": 99, "percent_covered": 93.93939393939394, "percent_covered_display": "94", "missing_lines": 6, "excluded_lines": 0}, "missing_lines": [41, 55, 62, 68, 133, 135], "excluded_lines": []}, "dist_monitor/dist_monitor/dynamics_anomaly.py": {"executed_lines": [1, 3, 5, 7, 10, 11, 12, 13, 16, 17, 18, 19, 22, 34, 35, 37, 38, 40, 41, 42, 44, 45, 46, 47, 48, 49, 50, 51, 52, 57, 58, 59, 60, 61, 62, 63, 65, 66, 67], "summary": {"covered_lines": 38, "num_statements": 40, "percent_covered": 95.0, "percent_covered_display": "95", "missing_lines": 2, "excluded_lines": 0}, "missing_lines": [54, 55], "excluded_lines": []}, "dist_monitor/dist_monitor/joint_names.py": {"executed_lines": [1, 3, 6, 16, 21, 22, 25, 27, 30, 31, 33, 34, 35, 36, 37, 38, 42, 43, 44, 45, 46, 48, 51, 57, 58, 59, 60], "summary": {"covered_lines": 26, "num_statements": 29, "percent_covered": 89.65517241379311, "percent_covered_display": "90", "missing_lines": 3, "excluded_lines": 0}, "missing_lines": [28, 39, 40], "excluded_lines": []}, "dist_monitor/dist_monitor/kl_divergence.py": {"executed_lines": [1, 3, 5, 8, 15, 16, 17, 20, 22, 25, 27, 28, 31, 33, 34, 35, 38, 44, 45, 47, 48, 49, 50, 51, 52, 53, 54, 55, 57, 58, 59, 60], "summary": {"covered_lines": 31, "num_statements": 32, "percent_covered": 96.875, "percent_covered_display": "97", "missing_lines": 1, "excluded_lines": 0}, "missing_lines": [23], "excluded_lines": []}, "dist_monitor/dist_monitor/lerobot_loader.py": {"executed_lines": [1, 3, 5, 6, 7, 9, 11, 14, 15, 16, 18, 19, 20, 21, 22, 24, 26, 28, 30, 31, 33, 34, 36, 38, 39, 41, 42, 44, 47, 48, 49, 56, 57, 58, 59, 62, 63, 64, 65, 66, 67, 68, 71, 72, 73, 75, 78, 79, 80, 81, 82, 83, 87, 88, 89, 90, 91, 92, 93, 94, 96, 101, 104, 105, 106, 107, 108, 109, 110, 113, 118, 119, 122, 123, 124, 125, 126, 128, 129, 130, 131, 132, 133, 134, 135, 136, 137, 141, 142, 145, 154, 156, 157, 158, 159, 161, 162, 163, 164, 165, 166, 168, 169, 174, 177, 178, 181, 182, 183, 192, 197, 198, 200, 201, 202, 203, 204, 205, 206, 208, 214, 215, 216, 218, 219, 220, 222, 225, 226, 227, 229, 234], "summary": {"covered_lines": 130, "num_statements": 175, "percent_covered": 74.28571428571429, "percent_covered_display": "74", "missing_lines": 45, "excluded_lines": 0}, "missing_lines": [27, 32, 35, 40, 43, 50, 51, 74, 84, 95, 97, 98, 99, 100, 120, 143, 146, 147, 148, 149, 150, 151, 152, 170, 171, 172, 173, 175, 179, 184, 186, 187, 188, 190, 193, 194, 195, 207, 209, 210, 211, 212, 213, 223, 230], "excluded_lines": []}, "dist_monitor/dist_monitor/metrics_core.py": {"executed_lines": [1, 3, 5, 7, 9, 10, 11, 12, 13, 16, 17, 18, 19, 20, 21, 22, 23, 24, 25, 26, 27, 30, 31, 32, 33, 34, 35, 36, 37, 38, 39, 40, 41, 42, 43, 44, 45, 46, 49, 62, 63, 65, 66, 67, 68, 70, 73, 74, 75, 76, 78, 84, 86, 87, 88, 89, 91, 92, 93, 94, 96, 97, 98, 99, 100, 101, 108, 109, 111, 120, 127], "summary": {"covered_lines": 70, "num_statements": 75, "percent_covered": 93.33333333333333, "percent_covered_display": "93", "missing_lines": 5, "excluded_lines": 0}, "missing_lines": [71, 79, 80, 81, 82], "excluded_lines": []}, "dist_monitor/dist_monitor/mmd_test.py": {"executed_lines": [1, 3, 5, 8, 10, 15, 16, 19, 21, 22, 23, 24, 25, 26, 27, 28, 31, 43, 45, 46, 48, 49, 50, 51, 52, 55, 57, 60, 66, 67, 68, 69, 70, 73, 74, 75, 76, 79, 88, 89, 90, 91, 92, 98, 99, 100, 101, 102, 103, 104, 105, 110, 111, 112, 113], "summary": {"covered_lines": 54, "num_statements": 63, "percent_covered": 85.71428571428571, "percent_covered_display": "86", "missing_lines": 9, "excluded_lines": 0}, "missing_lines": [33, 34, 35, 36, 37, 38, 39, 40, 47], "excluded_lines": []}, "dist_monitor/dist_monitor/monitor_node.py": {"executed_lines": [1, 3, 5, 6, 8, 9, 10, 11, 12, 13, 14, 15, 16, 18, 20, 21, 22, 23, 24, 25, 26, 27, 28, 31, 32, 35, 36, 37, 38, 42, 50, 51, 52, 55, 56, 58, 59, 61, 62, 63, 64, 65, 66, 67, 68, 69, 70, 71, 72, 73, 74, 75, 76, 77, 78, 79, 80, 81, 82, 83, 84, 85, 86, 87, 88, 90, 96, 97, 98, 99, 101, 102, 103, 104, 105, 107, 108, 109, 110, 111, 113, 115, 116, 119, 121, 123, 126, 128, 129, 130, 131, 132, 134, 135, 136, 137, 138, 139, 140, 142, 143, 152, 153, 154, 155, 158, 159, 160, 161, 162, 167, 169, 170, 176, 180, 181, 182, 197, 198, 199, 200, 201, 202, 204, 205, 206, 207, 208, 209, 210, 211, 212, 214, 215, 216, 217, 218, 219, 223, 224, 239, 240, 241, 243, 244, 246, 247, 248, 249, 250, 251, 254, 255, 256, 257, 258, 259, 260, 261, 262, 263, 264, 265, 266, 267, 268, 269, 271, 272, 273, 274, 275, 276, 278, 279, 280, 281, 282, 283, 285, 292, 300, 301, 310, 311, 312, 313, 314, 315, 316, 317, 318, 320, 327, 328, 330, 336, 337, 339, 341, 342, 343, 344, 345, 346, 348, 364, 376], "summary": {"covered_lines": 206, "num_statements": 245, "percent_covered": 84.08163265306122, "percent_covered_display": "84", "missing_lines": 39, "excluded_lines": 0}, "missing_lines": [43, 44, 45, 156, 165, 177, 178, 183, 184, 185, 186, 187, 188, 189, 190, 191, 194, 195, 349, 350, 351, 352, 353, 355, 356, 357, 358, 359, 360, 361, 365, 366, 367, 368, 369, 370, 372, 373, 377], "excluded_lines": []}, "dist_monitor/dist_monitor/offline_compare.py": {"executed_lines": [1, 3, 5, 6, 7, 8, 10, 12, 13, 16, 26, 39, 53, 57, 66, 67, 75, 76, 92, 100, 154], "summary": {"covered_lines": 20, "num_statements": 81, "percent_covered": 24.691358024691358, "percent_covered_display": "25", "missing_lines": 61, "excluded_lines": 0}, "missing_lines": [17, 18, 19, 20, 21, 22, 23, 27, 28, 29, 30, 31, 32, 33, 35, 36, 40, 41, 42, 43, 44, 45, 54, 94, 95, 96, 97, 101, 104, 105, 106, 107, 108, 109, 110, 111, 117, 119, 125, 126, 128, 129, 130, 131, 132, 133, 135, 136, 137, 138, 139, 140, 142, 143, 145, 146, 147, 149, 150, 151, 155], "excluded_lines": []}, "dist_monitor/dist_monitor/shift_detector.py": {"executed_lines": [1, 3, 5, 8, 9, 10, 11, 12, 13, 14, 15, 16, 19, 27, 28, 29, 35, 36, 37, 38, 39, 40, 41, 43, 44, 45, 46, 47], "summary": {"covered_lines": 27, "num_statements": 27, "percent_covered": 100.0, "percent_covered_display": "100", "missing_lines": 0, "excluded_lines": 0}, "missing_lines": [], "excluded_lines": []}, "dist_monitor/dist_monitor/sliding_window.py": {"executed_lines": [1, 3, 5, 6, 8, 11, 12, 13, 14, 17, 18, 20, 21, 22, 23, 25, 26, 27, 28, 29, 31, 35, 37, 38, 39, 41, 43, 45, 46, 47, 48, 50, 51, 53, 54], "summary": {"covered_lines": 33, "num_statements": 35, "percent_covered": 94.28571428571429, "percent_covered_display": "94", "missing_lines": 2, "excluded_lines": 0}, "missing_lines": [32, 33], "excluded_lines": []}, "dist_monitor/dist_monitor/soft_limits.py": {"executed_lines": [1, 3, 5, 6, 8, 9, 12, 13, 14, 15, 18, 19, 20, 21, 22, 25, 27, 29, 30, 31, 32, 33, 35, 39, 42, 50, 51, 54, 55, 56, 58, 59, 60, 62, 63, 64, 65, 66, 68, 69, 70, 71, 72, 75, 76, 77], "summary": {"covered_lines": 45, "num_statements": 51, "percent_covered": 88.23529411764706, "percent_covered_display": "88", "missing_lines": 6, "excluded_lines": 0}, "missing_lines": [28, 34, 52, 61, 67, 73], "excluded_lines": []}, "dist_monitor/dist_monitor/time_aligner.py": {"executed_lines": [1, 3, 5, 7, 10, 11, 13, 14, 16, 22, 23, 24, 25, 27, 28, 30, 32, 40, 45, 46, 47, 49, 50, 52, 53, 54, 55, 56, 57, 58, 60, 61, 62, 63, 64, 65, 66, 68, 69, 70, 72, 73, 74, 76], "summary": {"covered_lines": 42, "num_statements": 43, "percent_covered": 97.67441860465117, "percent_covered_display": "98", "missing_lines": 1, "excluded_lines": 0}, "missing_lines": [41], "excluded_lines": []}, "dist_monitor/dist_monitor/wasserstein.py": {"executed_lines": [1, 3, 5, 8, 14, 15, 17, 18, 19, 20, 21, 22, 24, 25, 26, 27, 30, 36, 37, 39, 40], "summary": {"covered_lines": 20, "num_statements": 20, "percent_covered": 100.0, "percent_covered_display": "100", "missing_lines": 0, "excluded_lines": 0}, "missing_lines": [], "excluded_lines": []}, "dist_monitor/setup.py": {"executed_lines": [], "summary": {"covered_lines": 0, "num_statements": 5, "percent_covered": 0.0, "percent_covered_display": "0", "missing_lines": 5, "excluded_lines": 0}, "missing_lines": [1, 2, 3, 5, 7], "excluded_lines": []}, "dist_monitor/test/test_boxplot_stats.py": {"executed_lines": [1, 3, 5, 8, 9, 10, 11, 12, 13, 14, 15, 18, 19, 20, 23, 24, 25, 26, 27, 28], "summary": {"covered_lines": 19, "num_statements": 19, "percent_covered": 100.0, "percent_covered_display": "100", "missing_lines": 0, "excluded_lines": 0}, "missing_lines": [], "excluded_lines": []}, "dist_monitor/test/test_comm_health.py": {"executed_lines": [1, 3, 5, 7, 10, 11, 18, 19, 20, 21, 24, 25, 32, 33, 34, 35, 36, 39, 40, 41, 42, 43, 44, 46, 48, 49, 50, 51, 52], "summary": {"covered_lines": 28, "num_statements": 28, "percent_covered": 100.0, "percent_covered_display": "100", "missing_lines": 0, "excluded_lines": 0}, "missing_lines": [], "excluded_lines": []}, "dist_monitor/test/test_dynamics_anomaly.py": {"executed_lines": [1, 3, 5, 7, 10, 11, 12, 13, 14, 15, 16, 17, 18, 21, 22, 25, 26, 27, 28, 29, 30, 31, 32, 33, 40, 43, 44, 50], "summary": {"covered_lines": 27, "num_statements": 27, "percent_covered": 100.0, "percent_covered_display": "100", "missing_lines": 0, "excluded_lines": 0}, "missing_lines": [], "excluded_lines": []}, "dist_monitor/test/test_joint_names.py": {"executed_lines": [1, 3, 11, 12, 13, 16, 17, 18, 21, 22, 25, 26, 27, 28, 31, 32, 33, 34], "summary": {"covered_lines": 17, "num_statements": 17, "percent_covered": 100.0, "percent_covered_display": "100", "missing_lines": 0, "excluded_lines": 0}, "missing_lines": [], "excluded_lines": []}, "dist_monitor/test/test_kl_divergence.py": {"executed_lines": [1, 3, 5, 8, 9, 10, 11, 12, 15, 16, 17, 20, 21, 22, 23, 24, 25, 26, 27, 30, 31, 32, 33, 34, 35, 36, 37, 40, 41, 42, 43], "summary": {"covered_lines": 30, "num_statements": 30, "percent_covered": 100.0, "percent_covered_display": "100", "missing_lines": 0, "excluded_lines": 0}, "missing_lines": [], "excluded_lines": []}, "dist_monitor/test/test_lerobot_loader.py": {"executed_lines": [1, 3, 4, 6, 7, 9, 10, 11, 13, 14, 17, 23, 24, 25, 26, 28, 29, 39, 41, 42, 46, 50, 53, 54, 55, 56, 57, 58, 59, 62, 63, 64, 65, 66, 67, 70, 71, 72, 73, 74, 75], "summary": {"covered_lines": 40, "num_statements": 40, "percent_covered": 100.0, "percent_covered_display": "100", "missing_lines": 0, "excluded_lines": 0}, "missing_lines": [], "excluded_lines": []}, "dist_monitor/test/test_metrics_core.py": {"executed_lines": [1, 3, 5, 8, 9, 10, 11, 12, 13, 14, 15, 18, 19, 20, 21, 22, 23, 24, 25, 26, 27, 30, 31, 32, 33, 35, 36, 44, 45, 46], "summary": {"covered_lines": 29, "num_statements": 29, "percent_covered": 100.0, "percent_covered_display": "100", "missing_lines": 0, "excluded_lines": 0}, "missing_lines": [], "excluded_lines": []}, "dist_monitor/test/test_mmd_test.py": {"executed_lines": [1, 3, 5, 12, 13, 14, 15, 16, 19, 20, 21, 22, 23, 24, 27, 28, 29, 30, 31, 34, 35, 36, 39, 40, 41, 42, 43, 44, 45, 48, 49, 50, 51, 52, 53, 54, 55], "summary": {"covered_lines": 36, "num_statements": 36, "percent_covered": 100.0, "percent_covered_display": "100", "missing_lines": 0, "excluded_lines": 0}, "missing_lines": [], "excluded_lines": []}, "dist_monitor/test/test_monitor_node.py": {"executed_lines": [1, 3, 5, 6, 8, 9, 10, 11, 12, 13, 14, 16, 17, 20, 21, 22, 23, 24, 26, 32, 33, 34, 35, 36, 37, 38, 39, 43, 44, 45, 46, 50, 51, 54, 55, 56, 57, 58, 59, 60, 63, 64, 65, 66, 73, 74, 75, 76, 77, 78, 79, 80, 81, 82, 83, 86, 87, 88, 90, 91, 93, 96, 97, 100, 102, 103, 104, 106, 107, 108, 109, 110, 111, 112, 113, 116, 117, 118, 120, 121, 123, 126, 127, 130, 132, 133, 134, 135, 136, 137, 139, 140, 141, 142, 145, 146, 147, 152, 153, 154, 155, 156, 157, 158, 159, 162, 163, 164, 167, 168, 179, 181, 182, 183, 184, 185, 186, 187, 189], "summary": {"covered_lines": 118, "num_statements": 120, "percent_covered": 98.33333333333333, "percent_covered_display": "98", "missing_lines": 2, "excluded_lines": 0}, "missing_lines": [98, 128], "excluded_lines": []}, "dist_monitor/test/test_offline_compare.py": {"executed_lines": [1, 3, 4, 6, 7, 9, 10, 11, 13, 14, 17, 18, 19, 20, 21, 22, 29, 30, 34, 37, 38, 39, 40, 47, 48, 49, 50, 51, 52, 54, 55, 56, 62, 63, 64], "summary": {"covered_lines": 34, "num_statements": 34, "percent_covered": 100.0, "percent_covered_display": "100", "missing_lines": 0, "excluded_lines": 0}, "missing_lines": [], "excluded_lines": []}, "dist_monitor/test/test_shift_detector.py": {"executed_lines": [1, 3, 6, 7, 8, 9, 10, 11, 14, 15, 16, 17, 18, 19, 22, 23, 24, 25, 26, 27, 30, 31, 32, 33, 34, 35, 38, 39, 40, 41, 42, 43], "summary": {"covered_lines": 31, "num_statements": 31, "percent_covered": 100.0, "percent_covered_display": "100", "missing_lines": 0, "excluded_lines": 0}, "missing_lines": [], "excluded_lines": []}, "dist_monitor/test/test_sliding_window.py": {"executed_lines": [1, 3, 5, 8, 9, 10, 11, 12, 13, 14, 15, 16, 19, 20, 21, 22, 23, 24, 25, 26, 27, 28, 31, 32, 33, 34, 37, 38, 39, 40, 41], "summary": {"covered_lines": 30, "num_statements": 30, "percent_covered": 100.0, "percent_covered_display": "100", "missing_lines": 0, "excluded_lines": 0}, "missing_lines": [], "excluded_lines": []}, "dist_monitor/test/test_soft_limits.py": {"executed_lines": [1, 3, 5, 7, 10, 11, 12, 13, 14, 17, 18, 19, 20, 21, 22, 25, 26, 27, 28], "summary": {"covered_lines": 18, "num_statements": 18, "percent_covered": 100.0, "percent_covered_display": "100", "missing_lines": 0, "excluded_lines": 0}, "missing_lines": [], "excluded_lines": []}, "dist_monitor/test/test_time_aligner.py": {"executed_lines": [1, 3, 5, 8, 9, 10, 11, 12, 13, 15, 16, 17, 18, 21, 22, 23, 24, 25, 26, 27, 29, 30, 31, 34, 35, 36, 37, 38, 39, 41, 42], "summary": {"covered_lines": 30, "num_statements": 30, "percent_covered": 100.0, "percent_covered_display": "100", "missing_lines": 0, "excluded_lines": 0}, "missing_lines": [], "excluded_lines": []}, "dist_monitor/test/test_wasserstein.py": {"executed_lines": [1, 3, 5, 8, 9, 10, 11, 14, 15, 16, 17, 18, 19, 22, 23, 24, 25, 28, 29, 30, 31, 32, 33, 34, 35, 38, 39, 40, 41], "summary": {"covered_lines": 28, "num_statements": 28, "percent_covered": 100.0, "percent_covered_display": "100", "missing_lines": 0, "excluded_lines": 0}, "missing_lines": [], "excluded_lines": []}, "hoc_console/hoc_console/__init__.py": {"executed_lines": [1], "summary": {"covered_lines": 0, "num_statements": 0, "percent_covered": 100.0, "percent_covered_display": "100", "missing_lines": 0, "excluded_lines": 0}, "missing_lines": [], "excluded_lines": []}, "hoc_console/hoc_console/experiment_runner.py": {"executed_lines": [1, 3, 5, 6, 7, 8, 10, 11, 12, 13, 14, 16, 17, 18, 20, 21, 30, 31, 33, 41, 43, 51, 52, 53, 54, 55, 56, 57, 58, 59, 61, 71, 72, 73, 74, 76, 85, 88, 90, 91, 92, 93, 98, 99, 101, 104, 128, 169, 170, 171, 172, 174, 175, 177, 180, 189, 202, 205, 206, 207, 208, 209, 213, 214, 215, 216, 218, 219, 220, 221, 222, 223, 225, 232, 233, 234, 240, 241, 242, 243, 244, 245, 247, 249, 251, 252, 258, 260, 262, 263, 265, 266, 267, 269, 270, 271, 273, 275, 277, 278, 285, 287, 288], "summary": {"covered_lines": 101, "num_statements": 200, "percent_covered": 50.5, "percent_covered_display": "50", "missing_lines": 99, "excluded_lines": 0}, "missing_lines": [77, 78, 80, 81, 82, 83, 86, 102, 105, 106, 107, 108, 109, 111, 112, 113, 114, 115, 116, 118, 119, 120, 121, 122, 123, 124, 125, 126, 129, 130, 131, 132, 133, 134, 135, 136, 137, 138, 139, 140, 141, 142, 143, 144, 145, 146, 147, 148, 149, 150, 152, 153, 154, 155, 156, 157, 159, 160, 161, 162, 163, 164, 165, 166, 167, 178, 181, 182, 183, 184, 186, 188, 190, 192, 193, 194, 195, 196, 197, 198, 199, 226, 227, 228, 229, 230, 235, 236, 237, 238, 239, 246, 248, 250, 259, 261, 272, 274, 276], "excluded_lines": []}, "hoc_console/hoc_console/hoc_server.py": {"executed_lines": [1, 3, 5, 6, 7, 8, 9, 10, 11, 12, 13, 14, 15, 16, 18, 19, 20, 21, 22, 23, 25, 26, 27, 28, 29, 30, 32, 33, 34, 35, 36, 41, 44, 45, 46, 47, 48, 51, 52, 53, 54, 55, 56, 57, 58, 59, 60, 61, 62, 63, 64, 65, 66, 67, 69, 70, 71, 72, 73, 75, 76, 77, 78, 79, 80, 87, 88, 89, 90, 91, 92, 93, 94, 95, 96, 98, 99, 100, 101, 102, 103, 117, 118, 120, 121, 123, 124, 125, 126, 127, 128, 129, 130, 132, 133, 134, 135, 136, 137, 138, 139, 140, 141, 142, 143, 144, 145, 146, 148, 149, 151, 152, 154, 155, 157, 159, 160, 161, 162, 164, 165, 166, 167, 169, 170, 171, 173, 180, 181, 182, 184, 185, 186, 187, 188, 190, 191, 193, 194, 201, 202, 220, 248, 264, 270, 279, 293, 296, 297, 298, 300, 304, 307, 316, 328, 340, 352, 353, 354, 355, 377, 422, 442, 453, 469, 484, 502, 512, 522, 537, 560, 577, 609, 627, 645, 669, 690, 699, 708, 709, 710, 711, 713, 714, 715, 716, 717, 718, 719, 720, 721, 722, 723, 724, 725, 727, 740, 755, 828, 832, 868, 893, 894, 895, 902, 909, 910, 911, 912, 913, 915, 916, 917, 933, 934, 935, 938, 940, 941, 942, 943, 946, 961], "summary": {"covered_lines": 221, "num_statements": 619, "percent_covered": 35.70274636510501, "percent_covered_display": "36", "missing_lines": 398, "excluded_lines": 0}, "missing_lines": [197, 203, 204, 206, 207, 208, 209, 210, 211, 213, 214, 215, 216, 217, 218, 223, 224, 225, 227, 228, 230, 231, 232, 236, 237, 238, 242, 243, 244, 246, 249, 251, 252, 254, 255, 256, 257, 258, 259, 261, 262, 265, 266, 267, 271, 272, 273, 274, 280, 287, 288, 289, 290, 291, 294, 301, 302, 305, 308, 309, 310, 311, 312, 317, 319, 320, 321, 322, 323, 324, 325, 329, 330, 331, 332, 333, 334, 335, 341, 342, 343, 344, 345, 346, 347, 348, 349, 356, 357, 362, 363, 369, 370, 378, 379, 380, 381, 385, 387, 388, 389, 390, 392, 393, 394, 395, 399, 401, 402, 404, 409, 410, 415, 417, 423, 437, 438, 439, 440, 443, 444, 445, 446, 447, 448, 449, 450, 451, 454, 455, 456, 457, 458, 459, 460, 461, 462, 463, 464, 465, 466, 467, 470, 471, 472, 473, 474, 475, 476, 477, 478, 479, 480, 481, 482, 485, 486, 487, 488, 489, 490, 491, 492, 493, 494, 495, 496, 497, 498, 499, 500, 503, 504, 505, 513, 514, 515, 523, 524, 525, 526, 527, 528, 529, 530, 538, 539, 540, 543, 544, 545, 546, 547, 548, 553, 554, 566, 567, 568, 578, 579, 581, 582, 583, 584, 585, 586, 587, 589, 590, 591, 592, 593, 594, 596, 597, 598, 599, 600, 602, 603, 604, 605, 606, 607, 610, 611, 612, 625, 628, 629, 630, 643, 646, 647, 648, 650, 651, 652, 653, 654, 655, 656, 657, 658, 660, 661, 662, 663, 666, 667, 670, 671, 672, 674, 675, 676, 677, 678, 679, 680, 681, 682, 683, 684, 687, 688, 691, 692, 693, 694, 695, 697, 700, 701, 702, 703, 704, 706, 728, 729, 730, 731, 732, 733, 734, 735, 736, 737, 738, 741, 742, 743, 744, 745, 746, 747, 748, 749, 750, 751, 752, 753, 762, 764, 766, 767, 768, 769, 770, 771, 773, 774, 775, 776, 777, 779, 780, 784, 785, 786, 788, 789, 798, 799, 800, 804, 806, 821, 823, 824, 825, 826, 829, 830, 833, 834, 835, 836, 837, 839, 840, 841, 842, 847, 848, 849, 851, 852, 853, 854, 855, 856, 863, 864, 865, 866, 869, 870, 871, 872, 873, 874, 875, 876, 877, 878, 879, 880, 881, 882, 883, 884, 891, 896, 897, 900, 903, 904, 905, 907, 923, 924, 927, 928, 932, 947, 948, 949, 950, 951, 952, 953, 954, 956, 957, 958, 962], "excluded_lines": []}, "hoc_console/hoc_console/http_static.py": {"executed_lines": [1, 3, 5, 6, 7, 8, 10, 13, 14, 15, 16, 17, 18, 22, 25, 27, 31, 32, 33, 37, 38, 42, 43, 44, 48, 50, 52, 63, 95, 96, 99, 106, 107, 111, 113, 116, 117, 118, 119, 120, 121, 122, 124, 125, 126, 127, 128, 134], "summary": {"covered_lines": 47, "num_statements": 77, "percent_covered": 61.03896103896104, "percent_covered_display": "61", "missing_lines": 30, "excluded_lines": 0}, "missing_lines": [28, 29, 30, 34, 39, 40, 41, 45, 53, 54, 55, 57, 64, 66, 76, 77, 78, 79, 80, 81, 82, 83, 84, 90, 91, 92, 93, 108, 109, 114], "excluded_lines": []}, "hoc_console/hoc_console/launch_preflight.py": {"executed_lines": [], "summary": {"covered_lines": 0, "num_statements": 13, "percent_covered": 0.0, "percent_covered_display": "0", "missing_lines": 13, "excluded_lines": 0}, "missing_lines": [3, 5, 6, 9, 10, 11, 12, 15, 16, 17, 18, 19, 20], "excluded_lines": []}, "hoc_console/hoc_console/report_csv.py": {"executed_lines": [1, 3, 5, 6, 7, 10, 16, 17, 18, 28, 29, 30, 31, 41], "summary": {"covered_lines": 13, "num_statements": 13, "percent_covered": 100.0, "percent_covered_display": "100", "missing_lines": 0, "excluded_lines": 0}, "missing_lines": [], "excluded_lines": []}, "hoc_console/hoc_console/report_html.py": {"executed_lines": [1, 3, 5, 6, 7, 10, 23, 24, 25, 32, 33, 34, 35, 36, 37, 39], "summary": {"covered_lines": 15, "num_statements": 16, "percent_covered": 93.75, "percent_covered_display": "94", "missing_lines": 1, "excluded_lines": 0}, "missing_lines": [26], "excluded_lines": []}, "hoc_console/hoc_console/ros_bridge.py": {"executed_lines": [1, 3, 5, 6, 9, 10, 16, 17, 38, 39], "summary": {"covered_lines": 9, "num_statements": 9, "percent_covered": 100.0, "percent_covered_display": "100", "missing_lines": 0, "excluded_lines": 0}, "missing_lines": [], "excluded_lines": []}, "hoc_console/hoc_console/scenario_motion.py": {"executed_lines": [1, 3, 5, 7, 8, 9, 12, 22, 25, 34, 35, 36, 38, 39, 41, 42, 43, 44, 48, 49, 50, 51, 53, 54, 58, 65, 73, 80, 89, 105, 122], "summary": {"covered_lines": 30, "num_statements": 34, "percent_covered": 88.23529411764706, "percent_covered_display": "88", "missing_lines": 4, "excluded_lines": 0}, "missing_lines": [96, 112, 113, 129], "excluded_lines": []}, "hoc_console/hoc_console/server_node.py": {"executed_lines": [], "summary": {"covered_lines": 0, "num_statements": 2, "percent_covered": 0.0, "percent_covered_display": "0", "missing_lines": 2, "excluded_lines": 0}, "missing_lines": [3, 5], "excluded_lines": []}, "hoc_console/hoc_console/ws_hub.py": {"executed_lines": [1, 3, 5, 6, 7, 10, 11, 12, 14, 20, 23, 32, 33, 35, 36, 38, 39, 41, 44, 45, 46, 48, 49, 50, 51, 52, 53, 55, 56, 58, 59, 60, 61, 62, 64, 70, 71, 74, 75, 76, 77, 78, 79, 82, 85, 86, 88, 89, 91, 97, 98, 104, 105, 106, 107, 108, 109, 112], "summary": {"covered_lines": 56, "num_statements": 69, "percent_covered": 81.15942028985508, "percent_covered_display": "81", "missing_lines": 13, "excluded_lines": 0}, "missing_lines": [42, 57, 65, 66, 67, 68, 72, 80, 81, 83, 110, 111, 113], "excluded_lines": []}, "hoc_console/setup.py": {"executed_lines": [], "summary": {"covered_lines": 0, "num_statements": 5, "percent_covered": 0.0, "percent_covered_display": "0", "missing_lines": 5, "excluded_lines": 0}, "missing_lines": [1, 2, 3, 5, 7], "excluded_lines": []}, "hoc_console/test/test_experiment_runner.py": {"executed_lines": [1, 3, 5, 6, 8, 9, 10, 11, 12, 14, 17, 18, 19, 22, 23, 24, 25, 26, 27, 28, 31, 32, 33, 34, 35, 41, 42, 43, 44, 45, 46, 47, 48, 51, 52, 53, 54, 55, 56, 58, 59, 60, 62, 63, 64, 66, 67, 68, 70, 71, 72, 74, 77, 78, 79, 80, 81, 82, 83, 84, 85], "summary": {"covered_lines": 60, "num_statements": 60, "percent_covered": 100.0, "percent_covered_display": "100", "missing_lines": 0, "excluded_lines": 0}, "missing_lines": [], "excluded_lines": []}, "hoc_console/test/test_hoc_commands.py": {"executed_lines": [1, 3, 5, 6, 8, 11, 12, 13, 14, 15, 16, 17, 20, 21, 22, 25, 26, 27, 28, 29, 30, 31, 32, 34], "summary": {"covered_lines": 23, "num_statements": 23, "percent_covered": 100.0, "percent_covered_display": "100", "missing_lines": 0, "excluded_lines": 0}, "missing_lines": [], "excluded_lines": []}, "hoc_console/test/test_http_static.py": {"executed_lines": [1, 3, 6, 7, 8, 9, 12, 13, 14, 15, 16, 17, 19, 20, 21, 24, 25, 26, 27, 28, 29], "summary": {"covered_lines": 21, "num_statements": 21, "percent_covered": 100.0, "percent_covered_display": "100", "missing_lines": 0, "excluded_lines": 0}, "missing_lines": [], "excluded_lines": []}, "hoc_console/test/test_report_csv.py": {"executed_lines": [1, 3, 6, 7, 17, 18, 19, 20], "summary": {"covered_lines": 7, "num_statements": 7, "percent_covered": 100.0, "percent_covered_display": "100", "missing_lines": 0, "excluded_lines": 0}, "missing_lines": [], "excluded_lines": []}, "hoc_console/test/test_report_html.py": {"executed_lines": [1, 3, 6, 7, 19, 20, 21, 22], "summary": {"covered_lines": 7, "num_statements": 7, "percent_covered": 100.0, "percent_covered_display": "100", "missing_lines": 0, "excluded_lines": 0}, "missing_lines": [], "excluded_lines": []}, "hoc_console/test/test_ros_bridge.py": {"executed_lines": [1, 3, 4, 6, 13, 14, 15, 16, 17, 18, 19, 20, 22, 23, 24, 25, 26, 27, 28, 30, 31, 32, 33, 34, 35, 36, 37, 38, 41, 42, 43, 44, 45, 46, 47, 48, 49, 50, 51, 52, 53, 54, 55, 56, 57, 58, 59, 60, 61, 62, 63, 64, 65, 66, 67, 69, 70, 71, 72, 73, 74, 75, 76, 77, 78, 81, 82, 83, 84, 86, 87, 88], "summary": {"covered_lines": 71, "num_statements": 71, "percent_covered": 100.0, "percent_covered_display": "100", "missing_lines": 0, "excluded_lines": 0}, "missing_lines": [], "excluded_lines": []}, "hoc_console/test/test_server_node.py": {"executed_lines": [1, 3, 5, 6, 8, 9, 10, 11, 12, 14, 17, 18, 19, 20, 22, 23, 24, 25, 26, 27, 28, 31, 32, 33, 34, 35, 36, 37, 40, 41, 42, 43, 44, 45, 46, 47, 48, 49, 50, 51, 52, 53, 56, 57, 59, 60, 63, 65, 66, 67, 69, 70], "summary": {"covered_lines": 51, "num_statements": 52, "percent_covered": 98.07692307692308, "percent_covered_display": "98", "missing_lines": 1, "excluded_lines": 0}, "missing_lines": [61], "excluded_lines": []}, "hoc_console/test/test_session_history.py": {"executed_lines": [1, 3, 6, 7, 8, 14, 20, 21, 22, 23, 24], "summary": {"covered_lines": 10, "num_statements": 10, "percent_covered": 100.0, "percent_covered_display": "100", "missing_lines": 0, "excluded_lines": 0}, "missing_lines": [], "excluded_lines": []}, "hoc_console/test/test_ws_hub.py": {"executed_lines": [1, 3, 5, 6, 8, 11, 12, 13, 15, 16, 19, 20, 21, 22, 24, 26, 27, 28, 29, 30, 33, 34, 35, 36, 37, 39, 40, 42, 43, 44, 47, 48, 49, 50, 51, 54, 55, 56, 57, 58, 60, 62, 63, 64, 65], "summary": {"covered_lines": 44, "num_statements": 44, "percent_covered": 100.0, "percent_covered_display": "100", "missing_lines": 0, "excluded_lines": 0}, "missing_lines": [], "excluded_lines": []}, "manipulation_actions/manipulation_actions/__init__.py": {"executed_lines": [0], "summary": {"covered_lines": 0, "num_statements": 0, "percent_covered": 100.0, "percent_covered_display": "100", "missing_lines": 0, "excluded_lines": 0}, "missing_lines": [], "excluded_lines": []}, "manipulation_actions/manipulation_actions/bridge_motion_client.py": {"executed_lines": [1, 3, 5, 6, 7, 9, 10, 11, 12, 13, 15, 19, 20, 22, 31, 32, 33, 34, 35, 36, 37, 38, 45, 46, 47, 49, 50, 51, 52, 53, 57, 65, 66, 69, 73, 74, 75, 76, 78, 79, 80, 82, 83, 85, 91, 92, 93, 94, 95, 96, 97, 98, 99, 100, 101, 102, 103, 105, 112, 113, 114, 115, 116, 117, 120, 121, 125, 126, 128, 129, 130, 132, 133, 136], "summary": {"covered_lines": 72, "num_statements": 86, "percent_covered": 83.72093023255815, "percent_covered_display": "84", "missing_lines": 14, "excluded_lines": 0}, "missing_lines": [16, 54, 55, 67, 81, 131, 134, 137, 138, 139, 140, 141, 145, 146], "excluded_lines": []}, "manipulation_actions/manipulation_actions/gripper_stub.py": {"executed_lines": [1, 3, 5, 7, 9, 13, 14, 16, 17, 18, 19, 21, 22, 25, 30], "summary": {"covered_lines": 13, "num_statements": 21, "percent_covered": 61.904761904761905, "percent_covered_display": "62", "missing_lines": 8, "excluded_lines": 0}, "missing_lines": [10, 23, 26, 27, 28, 31, 32, 33], "excluded_lines": []}, "manipulation_actions/manipulation_actions/manipulation_node.py": {"executed_lines": [1, 3, 5, 7, 8, 9, 10, 11, 12, 13, 14, 16, 17, 18, 19, 20, 23, 24, 26, 27, 29, 30, 31, 32, 33, 34, 35, 36, 37, 46, 50, 51, 52, 59, 66, 70, 76, 85, 95, 102, 105, 106, 110, 111, 114, 117, 118, 120, 122, 123, 125, 128, 133, 134, 135, 140, 142, 143, 144, 146, 147, 148, 150, 162, 176], "summary": {"covered_lines": 63, "num_statements": 86, "percent_covered": 73.25581395348837, "percent_covered_display": "73", "missing_lines": 23, "excluded_lines": 0}, "missing_lines": [107, 108, 119, 126, 129, 130, 131, 145, 151, 152, 158, 159, 163, 164, 165, 166, 167, 168, 169, 170, 172, 173, 177], "excluded_lines": []}, "manipulation_actions/manipulation_actions/move_group_client.py": {"executed_lines": [1, 3, 5, 6, 8, 9, 10, 11, 20, 21, 22, 24, 28, 36, 38, 39, 40, 41, 42, 43, 44, 45, 46, 47, 49, 50, 51, 52, 53, 54, 55, 56, 57, 58, 61, 80, 81, 83, 91, 92, 93, 94, 95, 97, 98, 100, 158, 218], "summary": {"covered_lines": 46, "num_statements": 136, "percent_covered": 33.8235294117647, "percent_covered_display": "34", "missing_lines": 90, "excluded_lines": 0}, "missing_lines": [25, 68, 69, 70, 71, 72, 73, 74, 75, 76, 77, 108, 109, 110, 112, 113, 114, 115, 116, 117, 118, 119, 123, 124, 125, 126, 128, 129, 130, 131, 133, 134, 135, 137, 138, 139, 140, 141, 142, 143, 145, 146, 147, 153, 154, 155, 156, 166, 167, 168, 169, 170, 172, 173, 174, 175, 176, 177, 178, 179, 183, 184, 185, 186, 188, 189, 190, 191, 193, 194, 195, 197, 198, 199, 200, 201, 202, 203, 205, 206, 207, 213, 214, 215, 216, 219, 220, 221, 222, 223], "excluded_lines": []}, "manipulation_actions/manipulation_actions/pick_executor.py": {"executed_lines": [1, 3, 5, 7, 8, 9, 11, 12, 15, 16, 26, 30, 31, 33, 42, 43, 44, 45, 46, 48, 54, 56, 57, 58, 59, 61, 62, 64, 70, 71, 72, 79, 80, 81, 82, 84, 90, 91, 92, 93, 96, 97, 98, 101, 104, 105, 106, 107, 108], "summary": {"covered_lines": 47, "num_statements": 57, "percent_covered": 82.45614035087719, "percent_covered_display": "82", "missing_lines": 10, "excluded_lines": 0}, "missing_lines": [24, 27, 73, 74, 75, 76, 77, 94, 99, 102], "excluded_lines": []}, "manipulation_actions/manipulation_actions/pick_place_demo.py": {"executed_lines": [], "summary": {"covered_lines": 0, "num_statements": 73, "percent_covered": 0.0, "percent_covered_display": "0", "missing_lines": 73, "excluded_lines": 0}, "missing_lines": [2, 4, 6, 8, 9, 10, 11, 12, 15, 16, 17, 18, 19, 20, 21, 23, 24, 25, 26, 30, 32, 33, 34, 35, 39, 41, 42, 43, 44, 46, 47, 48, 49, 50, 51, 52, 54, 55, 56, 57, 59, 61, 62, 63, 64, 65, 66, 67, 68, 69, 70, 71, 72, 73, 74, 75, 76, 78, 79, 81, 82, 83, 84, 85, 88, 89, 90, 91, 92, 94, 95, 98, 99], "excluded_lines": []}, "manipulation_actions/manipulation_actions/place_executor.py": {"executed_lines": [1, 3, 5, 7, 8, 9, 11, 12, 15, 16, 26, 30, 31, 33, 41, 42, 43, 44, 46, 55, 57, 58, 59, 61, 67, 68, 75, 76, 77, 78, 80, 86, 95, 98, 99, 100, 101], "summary": {"covered_lines": 35, "num_statements": 49, "percent_covered": 71.42857142857143, "percent_covered_display": "71", "missing_lines": 14, "excluded_lines": 0}, "missing_lines": [24, 27, 69, 70, 71, 72, 73, 87, 88, 89, 90, 92, 93, 96], "excluded_lines": []}, "manipulation_actions/manipulation_actions/pose_utils.py": {"executed_lines": [1, 3, 5, 7, 10, 13, 14, 15, 16, 19, 21, 22, 28, 29, 30, 31, 34, 36, 37, 38], "summary": {"covered_lines": 19, "num_statements": 19, "percent_covered": 100.0, "percent_covered_display": "100", "missing_lines": 0, "excluded_lines": 0}, "missing_lines": [], "excluded_lines": []}, "manipulation_actions/setup.py": {"executed_lines": [], "summary": {"covered_lines": 0, "num_statements": 5, "percent_covered": 0.0, "percent_covered_display": "0", "missing_lines": 5, "excluded_lines": 0}, "missing_lines": [1, 2, 3, 5, 7], "excluded_lines": []}, "manipulation_actions/test/test_manipulation_node.py": {"executed_lines": [1, 3, 5, 6, 8, 9, 10, 11, 12, 13, 14, 15, 17, 20, 21, 22, 23, 24, 33, 35, 36, 37, 38, 39, 40, 43, 44, 45, 46, 47, 48, 49, 52, 53, 54, 55, 58, 59, 60, 61, 62, 63, 64, 65, 66, 67, 68, 69, 72, 73, 74, 75, 77, 78, 79, 80, 84, 85, 86, 88, 89, 90, 91, 92, 93, 94, 96, 97, 98, 99, 100, 101], "summary": {"covered_lines": 71, "num_statements": 71, "percent_covered": 100.0, "percent_covered_display": "100", "missing_lines": 0, "excluded_lines": 0}, "missing_lines": [], "excluded_lines": []}, "manipulation_actions/test/test_move_group_client.py": {"executed_lines": [1, 3, 5, 8, 9, 10, 11, 15, 16, 17, 18, 19], "summary": {"covered_lines": 11, "num_statements": 11, "percent_covered": 100.0, "percent_covered_display": "100", "missing_lines": 0, "excluded_lines": 0}, "missing_lines": [], "excluded_lines": []}, "manipulation_actions/test/test_pick_executor.py": {"executed_lines": [1, 3, 5, 6, 9, 10, 11, 12, 13, 15, 16, 17, 19, 20, 22, 23, 25, 28, 32, 33, 34, 36, 37, 38, 39, 41, 45, 46, 47, 48, 49, 53, 54, 55, 56, 57, 60, 61, 62, 63, 64, 65, 66, 67, 68], "summary": {"covered_lines": 44, "num_statements": 47, "percent_covered": 93.61702127659575, "percent_covered_display": "94", "missing_lines": 3, "excluded_lines": 0}, "missing_lines": [26, 29, 42], "excluded_lines": []}, "manipulation_actions/test/test_place_executor.py": {"executed_lines": [1, 3, 5, 6, 9, 10, 11, 12, 13, 15, 16, 17, 19, 20, 22, 23, 25, 28, 32, 33, 34, 36, 37, 38, 39, 41, 45, 46, 47, 48, 49, 53, 54, 55, 58, 59, 60, 61, 62, 63, 64, 65, 66], "summary": {"covered_lines": 42, "num_statements": 45, "percent_covered": 93.33333333333333, "percent_covered_display": "93", "missing_lines": 3, "excluded_lines": 0}, "missing_lines": [26, 29, 42], "excluded_lines": []}, "manipulation_actions/test/test_pose_utils.py": {"executed_lines": [1, 3, 5, 8, 9, 10, 11, 15, 18, 19, 20, 21, 24, 25, 26, 27, 28], "summary": {"covered_lines": 16, "num_statements": 16, "percent_covered": 100.0, "percent_covered_display": "100", "missing_lines": 0, "excluded_lines": 0}, "missing_lines": [], "excluded_lines": []}, "pybullet_bridge/launch/m1_demo.launch.py": {"executed_lines": [1, 3, 5, 7, 8, 9, 10, 11, 12, 14, 17, 76, 77], "summary": {"covered_lines": 12, "num_statements": 20, "percent_covered": 60.0, "percent_covered_display": "60", "missing_lines": 8, "excluded_lines": 0}, "missing_lines": [18, 20, 21, 22, 23, 24, 25, 27], "excluded_lines": []}, "pybullet_bridge/pybullet_bridge/__init__.py": {"executed_lines": [1], "summary": {"covered_lines": 0, "num_statements": 0, "percent_covered": 100.0, "percent_covered_display": "100", "missing_lines": 0, "excluded_lines": 0}, "missing_lines": [], "excluded_lines": []}, "pybullet_bridge/pybullet_bridge/actuator_delay.py": {"executed_lines": [1, 3, 5, 6, 9, 10, 11, 13, 14, 17, 19, 20, 22, 23, 24, 26, 27, 28, 30, 32, 35, 36, 37, 39, 40, 41, 42, 43, 44, 46], "summary": {"covered_lines": 28, "num_statements": 29, "percent_covered": 96.55172413793103, "percent_covered_display": "97", "missing_lines": 1, "excluded_lines": 0}, "missing_lines": [33], "excluded_lines": []}, "pybullet_bridge/pybullet_bridge/bridge_node.py": {"executed_lines": [1, 3, 5, 6, 7, 8, 10, 11, 12, 13, 14, 15, 16, 17, 18, 19, 21, 27, 29, 30, 31, 32, 33, 34, 35, 36, 39, 40, 42, 43, 45, 46, 47, 48, 49, 50, 51, 52, 53, 54, 55, 56, 57, 58, 59, 60, 61, 62, 63, 64, 65, 66, 67, 68, 70, 76, 78, 80, 82, 84, 86, 89, 91, 93, 96, 97, 98, 99, 105, 107, 109, 111, 112, 113, 115, 116, 117, 119, 125, 126, 127, 129, 130, 136, 137, 138, 140, 144, 145, 149, 150, 151, 156, 157, 158, 159, 161, 162, 163, 164, 165, 166, 167, 168, 169, 171, 172, 173, 174, 175, 176, 177, 178, 179, 180, 181, 182, 186, 187, 189, 196, 197, 198, 199, 213, 214, 215, 217, 218, 219, 220, 227, 229, 230, 233, 234, 237, 239, 240, 241, 242, 243, 244, 245, 249, 250, 251, 252, 253, 254, 255, 256, 257, 259, 260, 269, 270, 272, 273, 274, 275, 276, 279, 280, 281, 282, 284, 285, 286, 288, 289, 290, 292, 293, 294, 308, 309, 313, 314, 315, 316, 318, 319, 320, 321, 323, 325, 332, 333, 335, 339, 346, 347, 348, 349, 350, 352, 353, 354, 356, 357, 358, 359, 361, 363, 364, 367, 369, 372, 373, 376, 377, 378, 380, 381, 382, 383, 384, 386, 387, 388, 390, 392, 394, 395, 398, 399, 400, 401, 405, 409, 410, 411, 413, 414, 415, 416, 417, 418, 419, 420, 421, 423, 467, 483, 525, 558, 559, 567, 586, 609, 615, 616, 617, 618, 619, 622, 634], "summary": {"covered_lines": 256, "num_statements": 421, "percent_covered": 60.80760095011876, "percent_covered_display": "61", "missing_lines": 165, "excluded_lines": 0}, "missing_lines": [141, 184, 221, 222, 223, 224, 225, 231, 235, 261, 262, 263, 264, 267, 277, 278, 299, 300, 301, 302, 303, 306, 329, 330, 334, 340, 341, 344, 345, 360, 362, 366, 370, 374, 396, 424, 425, 426, 427, 429, 430, 431, 432, 433, 435, 436, 437, 438, 439, 440, 441, 442, 443, 444, 445, 446, 448, 449, 450, 451, 452, 453, 454, 455, 456, 457, 458, 459, 460, 461, 462, 463, 465, 468, 469, 470, 471, 472, 473, 474, 475, 480, 481, 484, 485, 486, 487, 489, 490, 491, 492, 493, 494, 495, 497, 498, 499, 500, 501, 505, 517, 518, 519, 520, 522, 523, 526, 527, 533, 534, 535, 536, 538, 540, 551, 552, 554, 555, 556, 560, 561, 562, 563, 564, 565, 568, 569, 570, 571, 573, 579, 580, 581, 584, 587, 588, 589, 590, 591, 592, 593, 594, 595, 596, 597, 598, 599, 600, 601, 605, 606, 607, 610, 611, 612, 613, 623, 624, 625, 626, 627, 628, 630, 631, 635], "excluded_lines": []}, "pybullet_bridge/pybullet_bridge/degraded_mode.py": {"executed_lines": [1, 4, 6, 7, 8], "summary": {"covered_lines": 4, "num_statements": 4, "percent_covered": 100.0, "percent_covered_display": "100", "missing_lines": 0, "excluded_lines": 0}, "missing_lines": [], "excluded_lines": []}, "pybullet_bridge/pybullet_bridge/domain_randomizer.py": {"executed_lines": [1, 3, 5, 7, 10, 11, 12, 14, 15, 16, 17, 18, 19, 22, 23, 24, 25, 26, 27, 28, 29, 30, 31, 32, 35, 36, 38, 39, 40, 41, 42, 43, 45, 46, 49, 52, 57, 59, 60, 61, 62, 64, 70, 77, 78, 79, 80, 84, 85, 87, 88, 90, 98, 99, 100, 102, 109, 115, 116, 117, 123, 126, 134, 135, 136, 137, 139, 140, 141, 142, 143, 144, 146, 147, 158, 159, 160, 161, 162], "summary": {"covered_lines": 76, "num_statements": 94, "percent_covered": 80.85106382978724, "percent_covered_display": "81", "missing_lines": 18, "excluded_lines": 0}, "missing_lines": [47, 50, 53, 54, 55, 118, 119, 120, 121, 124, 148, 149, 150, 151, 152, 153, 154, 155], "excluded_lines": []}, "pybullet_bridge/pybullet_bridge/iiwa_motion_demo.py": {"executed_lines": [], "summary": {"covered_lines": 0, "num_statements": 51, "percent_covered": 0.0, "percent_covered_display": "0", "missing_lines": 51, "excluded_lines": 0}, "missing_lines": [3, 5, 7, 8, 9, 10, 12, 15, 18, 19, 20, 21, 22, 23, 25, 26, 27, 28, 30, 31, 32, 33, 34, 36, 37, 38, 39, 40, 42, 43, 45, 46, 47, 48, 52, 53, 54, 56, 58, 59, 64, 65, 66, 67, 68, 69, 70, 72, 73, 76, 77], "excluded_lines": []}, "pybullet_bridge/pybullet_bridge/integration_paths.py": {"executed_lines": [1, 3, 5, 6, 8, 9, 10, 13, 14, 15, 16, 17, 19, 20, 22, 23, 24, 25, 28, 30, 32, 33, 34, 36, 37, 39, 40, 41, 42, 46, 49, 50, 51, 52, 61, 62, 63, 64, 65, 66, 70, 71, 72, 73, 74, 84, 86, 87, 88], "summary": {"covered_lines": 48, "num_statements": 64, "percent_covered": 75.0, "percent_covered_display": "75", "missing_lines": 16, "excluded_lines": 0}, "missing_lines": [18, 21, 43, 44, 53, 54, 58, 67, 68, 76, 77, 81, 90, 91, 92, 94], "excluded_lines": []}, "pybullet_bridge/pybullet_bridge/joint_sweep_demo.py": {"executed_lines": [], "summary": {"covered_lines": 0, "num_statements": 48, "percent_covered": 0.0, "percent_covered_display": "0", "missing_lines": 48, "excluded_lines": 0}, "missing_lines": [3, 5, 7, 8, 9, 10, 13, 16, 17, 18, 19, 20, 21, 23, 24, 25, 26, 28, 29, 30, 31, 32, 34, 35, 36, 37, 39, 40, 42, 43, 44, 45, 46, 50, 52, 54, 55, 60, 61, 62, 63, 64, 65, 66, 68, 69, 72, 73], "excluded_lines": []}, "pybullet_bridge/pybullet_bridge/lerobot_replay_demo.py": {"executed_lines": [], "summary": {"covered_lines": 0, "num_statements": 58, "percent_covered": 0.0, "percent_covered_display": "0", "missing_lines": 58, "excluded_lines": 0}, "missing_lines": [3, 5, 6, 8, 9, 10, 11, 13, 14, 17, 20, 21, 22, 23, 24, 25, 27, 28, 29, 30, 32, 33, 34, 35, 36, 38, 39, 40, 42, 43, 44, 45, 47, 49, 50, 51, 52, 54, 55, 56, 57, 58, 59, 60, 64, 66, 67, 74, 75, 76, 77, 78, 79, 80, 82, 83, 86, 87], "excluded_lines": []}, "pybullet_bridge/pybullet_bridge/noise_injector.py": {"executed_lines": [1, 3, 5, 6, 8, 11, 12, 13, 14, 15, 18, 19, 21, 22, 23, 25, 30, 31, 32, 33, 34, 36, 37], "summary": {"covered_lines": 21, "num_statements": 21, "percent_covered": 100.0, "percent_covered_display": "100", "missing_lines": 0, "excluded_lines": 0}, "missing_lines": [], "excluded_lines": []}, "pybullet_bridge/pybullet_bridge/real_source.py": {"executed_lines": [1, 3, 5, 6, 8, 9, 14, 17, 18, 19, 20, 21, 22, 23, 24, 25, 26, 27, 28, 31, 32, 34, 39, 40, 41, 47, 58, 59, 60, 61, 62, 63, 65, 66, 69, 70, 71, 73, 74, 76, 77, 80, 81, 84, 85, 86, 88, 89, 90, 92, 93, 96, 97, 99, 100, 101, 102, 104, 105, 106, 107, 108, 109, 111, 114, 117, 126, 127, 130, 134, 135, 136, 137, 138, 139, 140, 149, 150, 151, 152, 158, 159, 161, 162, 167, 169, 170], "summary": {"covered_lines": 85, "num_statements": 94, "percent_covered": 90.42553191489361, "percent_covered_display": "90", "missing_lines": 9, "excluded_lines": 0}, "missing_lines": [67, 78, 82, 94, 112, 115, 124, 128, 132], "excluded_lines": []}, "pybullet_bridge/pybullet_bridge/robot_launch_utils.py": {"executed_lines": [1, 3, 5, 6, 7, 8, 11, 12, 19], "summary": {"covered_lines": 8, "num_statements": 18, "percent_covered": 44.44444444444444, "percent_covered_display": "44", "missing_lines": 10, "excluded_lines": 0}, "missing_lines": [21, 23, 24, 25, 27, 33, 34, 36, 43, 55], "excluded_lines": []}, "pybullet_bridge/pybullet_bridge/robot_profiles.py": {"executed_lines": [1, 3, 5, 6, 8, 11, 12, 13, 14, 15, 16, 17, 20, 22, 32, 49, 50, 53, 57, 58, 59, 60, 61, 62, 65, 66, 67, 70, 72, 73, 74, 75, 92, 94, 96, 97, 98, 99, 100, 101, 104, 106, 107], "summary": {"covered_lines": 42, "num_statements": 52, "percent_covered": 80.76923076923077, "percent_covered_display": "81", "missing_lines": 10, "excluded_lines": 0}, "missing_lines": [54, 77, 78, 79, 81, 82, 83, 84, 85, 87], "excluded_lines": []}, "pybullet_bridge/pybullet_bridge/sim_camera.py": {"executed_lines": [1, 3, 5, 6, 9, 18, 19, 27, 33, 41, 44, 45, 49, 50, 51, 52, 53], "summary": {"covered_lines": 16, "num_statements": 19, "percent_covered": 84.21052631578948, "percent_covered_display": "84", "missing_lines": 3, "excluded_lines": 0}, "missing_lines": [42, 46, 47], "excluded_lines": []}, "pybullet_bridge/pybullet_bridge/sim_source.py": {"executed_lines": [1, 3, 5, 6, 9, 10, 11, 12, 13, 14, 17, 18, 19, 20, 21, 22, 25, 26, 28, 29, 30, 31, 32, 33, 34, 35, 36, 37, 39, 40, 41, 42, 46, 49, 50, 51, 52, 53, 54, 55, 56, 57, 58, 59, 60, 62, 71, 72, 75, 76, 77, 79, 80, 81, 82, 84, 85, 86, 87, 88, 89, 93, 94, 95, 97, 98, 99, 101, 102, 103, 104, 105, 106, 107, 108, 110, 113, 114, 117, 118, 119, 121, 122, 123, 125, 126, 129, 130, 133, 134, 136, 137, 138, 139, 140, 145, 146, 148, 150, 152, 158, 160, 167, 168, 170, 177, 178, 181, 182, 183, 185, 186, 190, 196, 197, 198, 199, 200, 201, 203, 204, 205, 207, 208, 209, 212, 213, 217, 218, 220, 221, 224, 225, 226, 227, 229, 230, 233, 234, 235, 236, 238, 239, 241, 242, 243, 245, 252, 253, 255, 256, 258, 259, 260, 262, 271, 272, 273, 274, 275, 276, 277], "summary": {"covered_lines": 160, "num_statements": 185, "percent_covered": 86.48648648648648, "percent_covered_display": "86", "missing_lines": 25, "excluded_lines": 0}, "missing_lines": [43, 44, 47, 73, 90, 91, 111, 115, 127, 131, 135, 141, 142, 143, 147, 159, 169, 179, 191, 192, 194, 210, 222, 231, 254], "excluded_lines": []}, "pybullet_bridge/pybullet_bridge/trajectory_controller_node.py": {"executed_lines": [], "summary": {"covered_lines": 0, "num_statements": 130, "percent_covered": 0.0, "percent_covered_display": "0", "missing_lines": 130, "excluded_lines": 0}, "missing_lines": [3, 5, 6, 8, 9, 10, 11, 12, 13, 14, 15, 16, 19, 22, 23, 25, 26, 27, 28, 29, 30, 32, 33, 34, 36, 37, 45, 46, 55, 57, 58, 59, 61, 62, 63, 64, 65, 67, 68, 69, 70, 72, 73, 75, 76, 78, 79, 80, 81, 82, 86, 87, 91, 92, 94, 95, 96, 97, 101, 102, 103, 104, 106, 107, 108, 109, 110, 111, 112, 114, 116, 118, 119, 120, 121, 122, 123, 125, 126, 129, 130, 131, 132, 133, 135, 136, 137, 138, 141, 142, 144, 146, 147, 148, 149, 151, 152, 153, 154, 155, 156, 157, 158, 159, 161, 162, 163, 164, 165, 166, 168, 174, 175, 176, 177, 178, 179, 182, 183, 184, 185, 186, 187, 188, 189, 190, 192, 193, 196, 197], "excluded_lines": []}, "pybullet_bridge/pybullet_bridge/trajectory_executor.py": {"executed_lines": [1, 3, 5, 6, 8, 11, 12, 13, 14, 15, 18, 19, 20, 22, 23, 25, 26, 28, 29, 30, 32, 33, 34, 35, 36, 37, 38, 39, 40, 42, 48, 49, 51, 52, 53, 55, 56, 57, 59, 60, 61, 62, 64, 65, 67, 70, 71, 72, 73, 75, 76, 77, 78, 79, 80, 81, 82, 89, 90, 91, 92, 94, 96, 97, 98], "summary": {"covered_lines": 63, "num_statements": 66, "percent_covered": 95.45454545454545, "percent_covered_display": "95", "missing_lines": 3, "excluded_lines": 0}, "missing_lines": [68, 87, 93], "excluded_lines": []}, "pybullet_bridge/pybullet_bridge/watchdog.py": {"executed_lines": [1, 4, 11], "summary": {"covered_lines": 2, "num_statements": 2, "percent_covered": 100.0, "percent_covered_display": "100", "missing_lines": 0, "excluded_lines": 0}, "missing_lines": [], "excluded_lines": []}, "pybullet_bridge/setup.py": {"executed_lines": [], "summary": {"covered_lines": 0, "num_statements": 12, "percent_covered": 0.0, "percent_covered_display": "0", "missing_lines": 12, "excluded_lines": 0}, "missing_lines": [1, 2, 3, 5, 8, 9, 10, 11, 12, 13, 14, 17], "excluded_lines": []}, "pybullet_bridge/test/test_actuator_delay.py": {"executed_lines": [1, 3, 6, 7, 8, 9, 10, 12, 13, 14, 17, 18, 19, 20, 21, 22], "summary": {"covered_lines": 15, "num_statements": 15, "percent_covered": 100.0, "percent_covered_display": "100", "missing_lines": 0, "excluded_lines": 0}, "missing_lines": [], "excluded_lines": []}, "pybullet_bridge/test/test_bridge_node.py": {"executed_lines": [1, 3, 5, 6, 7, 9, 10, 11, 12, 13, 14, 15, 16, 17, 18, 19, 21, 23, 26, 27, 28, 29, 31, 32, 33, 36, 37, 38, 39, 40, 41, 42, 43, 44, 45, 48, 49, 50, 51, 52, 53, 54, 55, 57, 59, 61, 64, 65, 67, 68, 70, 71, 73, 74, 77, 78, 80, 81, 86, 87, 92, 93, 94, 95, 96, 97, 98, 99, 100, 103, 104, 105, 106, 107, 108, 109, 110, 113, 114, 115, 116, 117, 120, 121, 122, 123, 124, 127, 128, 129, 131, 132, 133, 135, 136, 137, 138, 139, 142, 143, 144, 147, 149, 150, 153, 155, 156, 157, 158, 159, 161, 165, 168, 169, 170, 171, 173, 174, 175, 177, 178, 179, 180, 183, 184, 185, 186, 187, 188, 189, 191, 192, 193, 194, 195, 196, 198, 199, 201, 203, 204, 205, 206, 207, 209, 210, 211], "summary": {"covered_lines": 146, "num_statements": 154, "percent_covered": 94.8051948051948, "percent_covered_display": "95", "missing_lines": 8, "excluded_lines": 0}, "missing_lines": [34, 79, 88, 89, 90, 145, 176, 200], "excluded_lines": []}, "pybullet_bridge/test/test_degraded_mode.py": {"executed_lines": [1, 3, 6, 7, 10, 11, 14, 15, 16], "summary": {"covered_lines": 8, "num_statements": 8, "percent_covered": 100.0, "percent_covered_display": "100", "missing_lines": 0, "excluded_lines": 0}, "missing_lines": [], "excluded_lines": []}, "pybullet_bridge/test/test_domain_randomizer.py": {"executed_lines": [1, 3, 6, 7, 8, 10, 11, 12, 13, 14, 17, 18, 19, 20, 21, 22, 29, 30, 31, 32, 33, 34, 37, 38, 40, 41, 42, 43, 44], "summary": {"covered_lines": 28, "num_statements": 28, "percent_covered": 100.0, "percent_covered_display": "100", "missing_lines": 0, "excluded_lines": 0}, "missing_lines": [], "excluded_lines": []}, "pybullet_bridge/test/test_iiwa_moveit_config.py": {"executed_lines": [1, 3, 4, 6, 8, 9, 12, 13, 14, 15, 16, 17, 20, 21, 22, 23, 24, 27, 28, 29, 30, 33, 34, 35, 36, 38, 39, 40, 41, 42, 43, 44, 45, 46], "summary": {"covered_lines": 33, "num_statements": 33, "percent_covered": 100.0, "percent_covered_display": "100", "missing_lines": 0, "excluded_lines": 0}, "missing_lines": [], "excluded_lines": []}, "pybullet_bridge/test/test_integration_paths.py": {"executed_lines": [1, 3, 5, 8, 9, 10, 11, 12, 14, 17, 18, 19, 21, 24, 25, 26, 27, 28, 30], "summary": {"covered_lines": 18, "num_statements": 18, "percent_covered": 100.0, "percent_covered_display": "100", "missing_lines": 0, "excluded_lines": 0}, "missing_lines": [], "excluded_lines": []}, "pybullet_bridge/test/test_launch_imports.py": {"executed_lines": [1, 3, 8, 9, 10, 12, 17, 18], "summary": {"covered_lines": 7, "num_statements": 7, "percent_covered": 100.0, "percent_covered_display": "100", "missing_lines": 0, "excluded_lines": 0}, "missing_lines": [], "excluded_lines": []}, "pybullet_bridge/test/test_noise_injector.py": {"executed_lines": [1, 3, 5, 8, 9, 10, 11, 12, 13, 14, 17, 18, 19, 20, 21, 22, 23, 26, 27, 32, 33, 34, 35, 36, 39, 40, 41, 42, 43, 44, 45, 46], "summary": {"covered_lines": 31, "num_statements": 31, "percent_covered": 100.0, "percent_covered_display": "100", "missing_lines": 0, "excluded_lines": 0}, "missing_lines": [], "excluded_lines": []}, "pybullet_bridge/test/test_real_source.py": {"executed_lines": [1, 3, 5, 7, 9, 11, 12, 15, 16, 17, 20, 21, 26, 29, 30, 31, 32, 33, 34, 35, 38, 39, 44, 47, 48, 49, 50, 51, 52], "summary": {"covered_lines": 28, "num_statements": 30, "percent_covered": 93.33333333333333, "percent_covered_display": "93", "missing_lines": 2, "excluded_lines": 0}, "missing_lines": [27, 45], "excluded_lines": []}, "pybullet_bridge/test/test_robot_profiles.py": {"executed_lines": [1, 3, 5, 7, 16, 17, 18, 21, 22, 23, 24, 25, 28, 29, 30, 31, 32, 35, 36, 37, 40, 44, 45, 46, 48, 49, 50, 51, 52], "summary": {"covered_lines": 28, "num_statements": 28, "percent_covered": 100.0, "percent_covered_display": "100", "missing_lines": 0, "excluded_lines": 0}, "missing_lines": [], "excluded_lines": []}, "pybullet_bridge/test/test_trajectory_executor.py": {"executed_lines": [1, 3, 4, 6, 9, 10, 11, 12, 13, 14, 15, 16, 17, 18, 19, 22, 23, 24, 25, 26, 29, 30, 31, 32, 33, 36, 37, 38, 39, 41, 42, 43, 46, 47, 48, 49, 50, 51, 52, 53, 56, 57, 58, 59, 60, 61, 62, 63, 66, 67, 68, 69, 70, 71, 72, 73, 74], "summary": {"covered_lines": 56, "num_statements": 56, "percent_covered": 100.0, "percent_covered_display": "100", "missing_lines": 0, "excluded_lines": 0}, "missing_lines": [], "excluded_lines": []}, "pybullet_bridge/test/test_watchdog.py": {"executed_lines": [1, 3, 6, 7, 10, 11, 14, 15], "summary": {"covered_lines": 7, "num_statements": 7, "percent_covered": 100.0, "percent_covered_display": "100", "missing_lines": 0, "excluded_lines": 0}, "missing_lines": [], "excluded_lines": []}, "risk_engine/risk_engine/__init__.py": {"executed_lines": [1], "summary": {"covered_lines": 0, "num_statements": 0, "percent_covered": 100.0, "percent_covered_display": "100", "missing_lines": 0, "excluded_lines": 0}, "missing_lines": [], "excluded_lines": []}, "risk_engine/risk_engine/aggregator.py": {"executed_lines": [1, 3, 5, 8, 16, 25, 26, 27, 28, 29, 30, 31, 34, 35, 36, 37, 38, 40, 41, 42, 45, 46, 47, 48, 49, 50, 51, 54, 55, 58, 59, 60, 61, 62, 63, 64, 65, 68, 69, 71, 76, 77, 79, 80, 81, 82, 83, 84, 86, 87, 88, 90], "summary": {"covered_lines": 50, "num_statements": 50, "percent_covered": 100.0, "percent_covered_display": "100", "missing_lines": 0, "excluded_lines": 0}, "missing_lines": [], "excluded_lines": []}, "risk_engine/risk_engine/move_group_cancel.py": {"executed_lines": [1, 3, 5, 7, 8, 10, 14, 15, 17, 18, 19, 20, 22, 23, 24, 25, 26, 28, 29, 31, 32, 33, 34], "summary": {"covered_lines": 21, "num_statements": 22, "percent_covered": 95.45454545454545, "percent_covered_display": "95", "missing_lines": 1, "excluded_lines": 0}, "missing_lines": [11], "excluded_lines": []}, "risk_engine/risk_engine/planning_stats.py": {"executed_lines": [1, 3, 5, 6, 7, 9, 10, 13, 14, 15, 17, 18, 20, 21, 23, 24, 26, 27, 28, 30, 31, 32, 33, 34, 36, 37, 38, 39, 40, 41, 43], "summary": {"covered_lines": 29, "num_statements": 45, "percent_covered": 64.44444444444444, "percent_covered_display": "64", "missing_lines": 16, "excluded_lines": 0}, "missing_lines": [44, 45, 46, 47, 48, 49, 50, 51, 52, 53, 55, 56, 62, 63, 67, 68], "excluded_lines": []}, "risk_engine/risk_engine/risk_node.py": {"executed_lines": [1, 3, 5, 7, 8, 9, 10, 11, 12, 13, 14, 16, 17, 19, 20, 21, 24, 25, 27, 28, 30, 31, 32, 33, 34, 35, 36, 37, 38, 39, 40, 41, 43, 50, 51, 53, 54, 55, 56, 57, 58, 62, 65, 67, 69, 71, 73, 76, 77, 78, 81, 82, 83, 85, 86, 87, 89, 90, 91, 95, 101, 105, 106, 108, 109, 110, 111, 112, 114, 115, 117, 118, 119, 121, 124, 125, 132, 133, 134, 135, 136, 137, 138, 139, 140, 142, 143, 146, 147, 149, 150, 151, 153, 154, 155, 160, 162, 163, 164, 171, 176, 178, 179, 180, 182, 183, 184, 185, 186, 187, 188, 189, 191, 192, 193, 194, 195, 196, 197, 198, 200, 202, 203, 210, 211, 212, 214, 224, 231, 242, 254], "summary": {"covered_lines": 129, "num_statements": 171, "percent_covered": 75.43859649122807, "percent_covered_display": "75", "missing_lines": 42, "excluded_lines": 0}, "missing_lines": [92, 93, 94, 102, 103, 107, 122, 141, 144, 167, 168, 169, 215, 216, 217, 218, 219, 220, 221, 222, 225, 226, 227, 228, 229, 232, 233, 234, 235, 236, 237, 238, 239, 243, 244, 245, 246, 247, 248, 250, 251, 255], "excluded_lines": []}, "risk_engine/setup.py": {"executed_lines": [], "summary": {"covered_lines": 0, "num_statements": 5, "percent_covered": 0.0, "percent_covered_display": "0", "missing_lines": 5, "excluded_lines": 0}, "missing_lines": [1, 2, 3, 5, 7], "excluded_lines": []}, "risk_engine/test/test_aggregator.py": {"executed_lines": [1, 3, 12, 13, 14, 15, 18, 19, 20, 21, 22, 23, 24, 27, 28, 29, 30, 31, 32, 35, 36, 37, 38, 39, 40, 41, 44, 45, 46, 53, 54, 57, 58, 59, 60, 61, 62, 63, 64], "summary": {"covered_lines": 38, "num_statements": 38, "percent_covered": 100.0, "percent_covered_display": "100", "missing_lines": 0, "excluded_lines": 0}, "missing_lines": [], "excluded_lines": []}, "risk_engine/test/test_move_group_cancel.py": {"executed_lines": [1, 3, 5, 8, 9, 10, 11, 12, 13, 14, 16, 17, 18, 21, 22, 23, 24, 25, 26, 27, 28, 30, 31, 32], "summary": {"covered_lines": 23, "num_statements": 23, "percent_covered": 100.0, "percent_covered_display": "100", "missing_lines": 0, "excluded_lines": 0}, "missing_lines": [], "excluded_lines": []}, "risk_engine/test/test_planning_stats.py": {"executed_lines": [1, 3, 5, 8, 9, 10, 11, 14, 15, 16, 17, 18, 19, 20, 23, 24, 25, 26, 27, 28, 29], "summary": {"covered_lines": 20, "num_statements": 20, "percent_covered": 100.0, "percent_covered_display": "100", "missing_lines": 0, "excluded_lines": 0}, "missing_lines": [], "excluded_lines": []}, "risk_engine/test/test_risk_node.py": {"executed_lines": [1, 3, 5, 6, 8, 9, 10, 11, 12, 13, 14, 16, 19, 20, 21, 22, 24, 26, 27, 30, 31, 32, 33, 34, 35, 36, 37, 38, 39, 40, 42, 43, 44, 45, 47, 48, 49, 50, 51, 54, 55, 56, 57, 58, 59, 60, 63, 64, 65, 66, 67, 68, 69, 70, 71, 72, 73, 74, 75, 76, 79, 80, 81, 83, 84, 86, 88, 89, 92, 93, 94, 96, 97, 98, 100, 101, 102, 103, 104, 105, 106, 107, 108, 109, 110, 111], "summary": {"covered_lines": 85, "num_statements": 86, "percent_covered": 98.83720930232558, "percent_covered_display": "99", "missing_lines": 1, "excluded_lines": 0}, "missing_lines": [90], "excluded_lines": []}}, "totals": {"covered_lines": 4254, "num_statements": 5892, "percent_covered": 72.19959266802444, "percent_covered_display": "72", "missing_lines": 1638, "excluded_lines": 0}}